{
  "uid" : "4727ac97cee814a9",
  "name" : "Test04: Delete Student and Verify ",
  "fullName" : "SanityTests.StudentListAPI.test04_deleteStudentList",
  "historyId" : "f3b61ac5748a6a41932e28ca6c0b16aa",
  "time" : {
    "start" : 1599316802426,
    "stop" : 1599316802618,
    "duration" : 192
  },
  "description" : "Test Description: Delete and Verify Student List ",
  "descriptionHtml" : "<p>Test Description: Delete and Verify Student List</p>\n",
  "status" : "failed",
  "statusMessage" : "expected [100] but found [101]",
  "statusTrace" : "java.lang.AssertionError: expected [100] but found [101]\r\n\tat org.testng.Assert.fail(Assert.java:96)\r\n\tat org.testng.Assert.failNotEquals(Assert.java:776)\r\n\tat org.testng.Assert.assertEqualsImpl(Assert.java:137)\r\n\tat org.testng.Assert.assertEquals(Assert.java:118)\r\n\tat org.testng.Assert.assertEquals(Assert.java:652)\r\n\tat org.testng.Assert.assertEquals(Assert.java:662)\r\n\tat Extensions.verifications.VerifyStudentNumbers(verifications.java:68)\r\n\tat SanityTests.StudentListAPI.test04_deleteStudentList(StudentListAPI.java:42)\r\n\tat sun.reflect.NativeMethodAccessorImpl.invoke0(Native Method)\r\n\tat sun.reflect.NativeMethodAccessorImpl.invoke(NativeMethodAccessorImpl.java:62)\r\n\tat sun.reflect.DelegatingMethodAccessorImpl.invoke(DelegatingMethodAccessorImpl.java:43)\r\n\tat java.lang.reflect.Method.invoke(Method.java:498)\r\n\tat org.testng.internal.MethodInvocationHelper.invokeMethod(MethodInvocationHelper.java:124)\r\n\tat org.testng.internal.Invoker.invokeMethod(Invoker.java:583)\r\n\tat org.testng.internal.Invoker.invokeTestMethod(Invoker.java:719)\r\n\tat org.testng.internal.Invoker.invokeTestMethods(Invoker.java:989)\r\n\tat org.testng.internal.TestMethodWorker.invokeTestMethods(TestMethodWorker.java:125)\r\n\tat org.testng.internal.TestMethodWorker.run(TestMethodWorker.java:109)\r\n\tat org.testng.TestRunner.privateRun(TestRunner.java:648)\r\n\tat org.testng.TestRunner.run(TestRunner.java:505)\r\n\tat org.testng.SuiteRunner.runTest(SuiteRunner.java:455)\r\n\tat org.testng.SuiteRunner.runSequentially(SuiteRunner.java:450)\r\n\tat org.testng.SuiteRunner.privateRun(SuiteRunner.java:415)\r\n\tat org.testng.SuiteRunner.run(SuiteRunner.java:364)\r\n\tat org.testng.SuiteRunnerWorker.runSuite(SuiteRunnerWorker.java:52)\r\n\tat org.testng.SuiteRunnerWorker.run(SuiteRunnerWorker.java:84)\r\n\tat org.testng.TestNG.runSuitesSequentially(TestNG.java:1208)\r\n\tat org.testng.TestNG.runSuitesLocally(TestNG.java:1137)\r\n\tat org.testng.TestNG.runSuites(TestNG.java:1049)\r\n\tat org.testng.TestNG.run(TestNG.java:1017)\r\n\tat org.apache.maven.surefire.testng.TestNGExecutor.run(TestNGExecutor.java:283)\r\n\tat org.apache.maven.surefire.testng.TestNGXmlTestSuite.execute(TestNGXmlTestSuite.java:75)\r\n\tat org.apache.maven.surefire.testng.TestNGProvider.invoke(TestNGProvider.java:120)\r\n\tat org.apache.maven.surefire.booter.ForkedBooter.invokeProviderInSameClassLoader(ForkedBooter.java:384)\r\n\tat org.apache.maven.surefire.booter.ForkedBooter.runSuitesInProcess(ForkedBooter.java:345)\r\n\tat org.apache.maven.surefire.booter.ForkedBooter.execute(ForkedBooter.java:126)\r\n\tat org.apache.maven.surefire.booter.ForkedBooter.main(ForkedBooter.java:418)\r\n",
  "flaky" : false,
  "newFailed" : false,
  "beforeStages" : [ {
    "name" : "startSession",
    "time" : {
      "start" : 1599316793973,
      "stop" : 1599316797697,
      "duration" : 3724
    },
    "description" : "",
    "status" : "passed",
    "steps" : [ ],
    "attachments" : [ ],
    "parameters" : [ ],
    "stepsCount" : 0,
    "hasContent" : false,
    "attachmentsCount" : 0,
    "shouldDisplayMessage" : false
  } ],
  "testStage" : {
    "description" : "Test Description: Delete and Verify Student List ",
    "status" : "failed",
    "statusMessage" : "expected [100] but found [101]",
    "statusTrace" : "java.lang.AssertionError: expected [100] but found [101]\r\n\tat org.testng.Assert.fail(Assert.java:96)\r\n\tat org.testng.Assert.failNotEquals(Assert.java:776)\r\n\tat org.testng.Assert.assertEqualsImpl(Assert.java:137)\r\n\tat org.testng.Assert.assertEquals(Assert.java:118)\r\n\tat org.testng.Assert.assertEquals(Assert.java:652)\r\n\tat org.testng.Assert.assertEquals(Assert.java:662)\r\n\tat Extensions.verifications.VerifyStudentNumbers(verifications.java:68)\r\n\tat SanityTests.StudentListAPI.test04_deleteStudentList(StudentListAPI.java:42)\r\n\tat sun.reflect.NativeMethodAccessorImpl.invoke0(Native Method)\r\n\tat sun.reflect.NativeMethodAccessorImpl.invoke(NativeMethodAccessorImpl.java:62)\r\n\tat sun.reflect.DelegatingMethodAccessorImpl.invoke(DelegatingMethodAccessorImpl.java:43)\r\n\tat java.lang.reflect.Method.invoke(Method.java:498)\r\n\tat org.testng.internal.MethodInvocationHelper.invokeMethod(MethodInvocationHelper.java:124)\r\n\tat org.testng.internal.Invoker.invokeMethod(Invoker.java:583)\r\n\tat org.testng.internal.Invoker.invokeTestMethod(Invoker.java:719)\r\n\tat org.testng.internal.Invoker.invokeTestMethods(Invoker.java:989)\r\n\tat org.testng.internal.TestMethodWorker.invokeTestMethods(TestMethodWorker.java:125)\r\n\tat org.testng.internal.TestMethodWorker.run(TestMethodWorker.java:109)\r\n\tat org.testng.TestRunner.privateRun(TestRunner.java:648)\r\n\tat org.testng.TestRunner.run(TestRunner.java:505)\r\n\tat org.testng.SuiteRunner.runTest(SuiteRunner.java:455)\r\n\tat org.testng.SuiteRunner.runSequentially(SuiteRunner.java:450)\r\n\tat org.testng.SuiteRunner.privateRun(SuiteRunner.java:415)\r\n\tat org.testng.SuiteRunner.run(SuiteRunner.java:364)\r\n\tat org.testng.SuiteRunnerWorker.runSuite(SuiteRunnerWorker.java:52)\r\n\tat org.testng.SuiteRunnerWorker.run(SuiteRunnerWorker.java:84)\r\n\tat org.testng.TestNG.runSuitesSequentially(TestNG.java:1208)\r\n\tat org.testng.TestNG.runSuitesLocally(TestNG.java:1137)\r\n\tat org.testng.TestNG.runSuites(TestNG.java:1049)\r\n\tat org.testng.TestNG.run(TestNG.java:1017)\r\n\tat org.apache.maven.surefire.testng.TestNGExecutor.run(TestNGExecutor.java:283)\r\n\tat org.apache.maven.surefire.testng.TestNGXmlTestSuite.execute(TestNGXmlTestSuite.java:75)\r\n\tat org.apache.maven.surefire.testng.TestNGProvider.invoke(TestNGProvider.java:120)\r\n\tat org.apache.maven.surefire.booter.ForkedBooter.invokeProviderInSameClassLoader(ForkedBooter.java:384)\r\n\tat org.apache.maven.surefire.booter.ForkedBooter.runSuitesInProcess(ForkedBooter.java:345)\r\n\tat org.apache.maven.surefire.booter.ForkedBooter.execute(ForkedBooter.java:126)\r\n\tat org.apache.maven.surefire.booter.ForkedBooter.main(ForkedBooter.java:418)\r\n",
    "steps" : [ {
      "name" : "Delete Student List",
      "time" : {
        "start" : 1599316802432,
        "stop" : 1599316802460,
        "duration" : 28
      },
      "status" : "passed",
      "steps" : [ {
        "name" : "Delete Data from Server",
        "time" : {
          "start" : 1599316802432,
          "stop" : 1599316802460,
          "duration" : 28
        },
        "status" : "passed",
        "steps" : [ ],
        "attachments" : [ ],
        "parameters" : [ {
          "name" : "id",
          "value" : "113"
        } ],
        "stepsCount" : 0,
        "hasContent" : true,
        "attachmentsCount" : 0,
        "shouldDisplayMessage" : false
      } ],
      "attachments" : [ ],
      "parameters" : [ {
        "name" : "id",
        "value" : "113"
      } ],
      "stepsCount" : 1,
      "hasContent" : true,
      "attachmentsCount" : 0,
      "shouldDisplayMessage" : false
    }, {
      "name" : "Get Student List",
      "time" : {
        "start" : 1599316802460,
        "stop" : 1599316802614,
        "duration" : 154
      },
      "status" : "passed",
      "steps" : [ {
        "name" : "Get Data From Server",
        "time" : {
          "start" : 1599316802461,
          "stop" : 1599316802482,
          "duration" : 21
        },
        "status" : "passed",
        "steps" : [ ],
        "attachments" : [ ],
        "parameters" : [ {
          "name" : "paramValues",
          "value" : "/student/list"
        } ],
        "stepsCount" : 0,
        "hasContent" : true,
        "attachmentsCount" : 0,
        "shouldDisplayMessage" : false
      }, {
        "name" : "Extract Value From JSON Format",
        "time" : {
          "start" : 1599316802482,
          "stop" : 1599316802614,
          "duration" : 132
        },
        "status" : "passed",
        "steps" : [ ],
        "attachments" : [ ],
        "parameters" : [ {
          "name" : "response",
          "value" : "io.restassured.internal.RestAssuredResponseImpl@38968752"
        }, {
          "name" : "path",
          "value" : "email"
        } ],
        "stepsCount" : 0,
        "hasContent" : true,
        "attachmentsCount" : 0,
        "shouldDisplayMessage" : false
      } ],
      "attachments" : [ ],
      "parameters" : [ {
        "name" : "jpath",
        "value" : "email"
      } ],
      "stepsCount" : 2,
      "hasContent" : true,
      "attachmentsCount" : 0,
      "shouldDisplayMessage" : false
    }, {
      "name" : "Verify Numbers of Student",
      "time" : {
        "start" : 1599316802614,
        "stop" : 1599316802617,
        "duration" : 3
      },
      "status" : "failed",
      "statusMessage" : "expected [100] but found [101]",
      "statusTrace" : "java.lang.AssertionError: expected [100] but found [101]\r\n\tat org.testng.Assert.fail(Assert.java:96)\r\n\tat org.testng.Assert.failNotEquals(Assert.java:776)\r\n\tat org.testng.Assert.assertEqualsImpl(Assert.java:137)\r\n\tat org.testng.Assert.assertEquals(Assert.java:118)\r\n\tat org.testng.Assert.assertEquals(Assert.java:652)\r\n\tat org.testng.Assert.assertEquals(Assert.java:662)\r\n\tat Extensions.verifications.VerifyStudentNumbers(verifications.java:68)\r\n\tat SanityTests.StudentListAPI.test04_deleteStudentList(StudentListAPI.java:42)\r\n\tat sun.reflect.NativeMethodAccessorImpl.invoke0(Native Method)\r\n\tat sun.reflect.NativeMethodAccessorImpl.invoke(NativeMethodAccessorImpl.java:62)\r\n\tat sun.reflect.DelegatingMethodAccessorImpl.invoke(DelegatingMethodAccessorImpl.java:43)\r\n\tat java.lang.reflect.Method.invoke(Method.java:498)\r\n\tat org.testng.internal.MethodInvocationHelper.invokeMethod(MethodInvocationHelper.java:124)\r\n\tat org.testng.internal.Invoker.invokeMethod(Invoker.java:583)\r\n\tat org.testng.internal.Invoker.invokeTestMethod(Invoker.java:719)\r\n\tat org.testng.internal.Invoker.invokeTestMethods(Invoker.java:989)\r\n\tat org.testng.internal.TestMethodWorker.invokeTestMethods(TestMethodWorker.java:125)\r\n\tat org.testng.internal.TestMethodWorker.run(TestMethodWorker.java:109)\r\n\tat org.testng.TestRunner.privateRun(TestRunner.java:648)\r\n\tat org.testng.TestRunner.run(TestRunner.java:505)\r\n\tat org.testng.SuiteRunner.runTest(SuiteRunner.java:455)\r\n\tat org.testng.SuiteRunner.runSequentially(SuiteRunner.java:450)\r\n\tat org.testng.SuiteRunner.privateRun(SuiteRunner.java:415)\r\n\tat org.testng.SuiteRunner.run(SuiteRunner.java:364)\r\n\tat org.testng.SuiteRunnerWorker.runSuite(SuiteRunnerWorker.java:52)\r\n\tat org.testng.SuiteRunnerWorker.run(SuiteRunnerWorker.java:84)\r\n\tat org.testng.TestNG.runSuitesSequentially(TestNG.java:1208)\r\n\tat org.testng.TestNG.runSuitesLocally(TestNG.java:1137)\r\n\tat org.testng.TestNG.runSuites(TestNG.java:1049)\r\n\tat org.testng.TestNG.run(TestNG.java:1017)\r\n\tat org.apache.maven.surefire.testng.TestNGExecutor.run(TestNGExecutor.java:283)\r\n\tat org.apache.maven.surefire.testng.TestNGXmlTestSuite.execute(TestNGXmlTestSuite.java:75)\r\n\tat org.apache.maven.surefire.testng.TestNGProvider.invoke(TestNGProvider.java:120)\r\n\tat org.apache.maven.surefire.booter.ForkedBooter.invokeProviderInSameClassLoader(ForkedBooter.java:384)\r\n\tat org.apache.maven.surefire.booter.ForkedBooter.runSuitesInProcess(ForkedBooter.java:345)\r\n\tat org.apache.maven.surefire.booter.ForkedBooter.execute(ForkedBooter.java:126)\r\n\tat org.apache.maven.surefire.booter.ForkedBooter.main(ForkedBooter.java:418)\r\n",
      "steps" : [ ],
      "attachments" : [ ],
      "parameters" : [ {
        "name" : "list",
        "value" : "[egestas.rhoncus.Proin@massaQuisqueporttitor.org, faucibus.orci.luctus@Duisac.net, tincidunt.dui@ultricessit.co.uk, nascetur@conguea.com, imperdiet.ullamcorper@nonenimMauris.co.uk, vestibulum@ridiculusmus.edu, eu.tellus@anuncIn.edu, scelerisque.sed@senectuset.org, faucibus@sed.co.uk, Fusce.dolor.quam@commodoauctor.org, magnis.dis@idmagnaet.com, turpis.non.enim@sociisnatoque.com, In.tincidunt.congue@Quisque.com, Integer.sem@iaculisodioNam.edu, accumsan@luctuset.edu, montes.nascetur.ridiculus@loremDonec.com, turpis.egestas.Aliquam@fermentum.net, Suspendisse.aliquet.sem@atrisus.org, dolor.elit.pellentesque@enimEtiamimperdiet.ca, leo.Vivamus@sit.org, hendrerit@et.co.uk, vel.vulputate@vitaedolorDonec.ca, venenatis.a@Pellentesque.co.uk, Sed.malesuada@porttitoreros.ca, ornare@Mauriseuturpis.edu, Nullam@Cras.net, pharetra.sed@Aliquamvulputateullamcorper.ca, sed.turpis.nec@risusQuisque.ca, consequat.enim@ultricessit.com, Fusce@Quisquefringillaeuismod.org, ornare.libero@perinceptoshymenaeos.co.uk, Proin.vel@placerat.org, id@incursus.co.uk, Vestibulum@adlitora.net, amet.ante@sit.com, neque@interdumfeugiat.net, magnis.dis.parturient@laciniaorci.edu, et@ipsum.net, turpis@sagittisplaceratCras.ca, ridiculus.mus@tempus.net, at.pretium@eleifendvitae.net, vel.turpis.Aliquam@metus.org, orci.luctus.et@posuere.com, Quisque.tincidunt@nullaanteiaculis.co.uk, dictum@tortorInteger.org, diam@nectellusNunc.edu, sagittis.semper@urnaNullam.net, dignissim.Maecenas.ornare@adui.edu, cursus.non.egestas@laciniaorci.net, Vivamus.rhoncus@semutcursus.ca, orci.lacus@hendreritDonecporttitor.net, mauris@malesuada.ca, mauris.ipsum.porta@sit.ca, augue.malesuada@Pellentesqueut.net, Lorem.ipsum.dolor@eu.co.uk, purus@mollis.co.uk, pharetra.Quisque.ac@facilisisSuspendisse.edu, inceptos.hymenaeos.Mauris@Proin.edu, ridiculus.mus.Donec@netus.org, mi.felis.adipiscing@liberoettristique.edu, Ut.tincidunt.vehicula@nuncidenim.edu, rhoncus@sociisnatoquepenatibus.ca, eget.metus.In@disparturientmontes.org, ut.nulla@netuset.co.uk, ac.turpis@facilisislorem.net, ante.blandit@semeget.org, lobortis@nequevenenatislacus.net, Cras@lorem.org, vel.venenatis@Nullamvelit.com, quam.vel.sapien@vellectusCum.org, Nulla@nuncid.net, In@vestibulumlorem.com, rutrum@mattis.org, Aliquam.ultrices.iaculis@duiquisaccumsan.co.uk, fermentum@diam.com, semper@enimcommodohendrerit.co.uk, enim.Etiam.imperdiet@sitamet.ca, Proin.nisl.sem@Aliquamnecenim.org, in.dolor@pede.co.uk, Cras.vulputate.velit@ornare.org, risus.quis.diam@Proin.ca, hendrerit.neque@a.co.uk, ipsum.non@vitae.co.uk, ultrices@Nullam.net, ipsum.porta.elit@morbitristique.net, auctor.vitae.aliquet@parturient.org, Nulla.eget@musDonecdignissim.co.uk, est.Mauris@et.co.uk, sem.eget@posuerecubiliaCurae.ca, est.congue@velit.com, risus.varius.orci@sitamet.edu, a.ultricies@duiFusce.edu, a@pretium.ca, sapien.gravida.non@noncursus.com, luctus.lobortis@nonbibendumsed.com, lacinia.mattis@risusDonec.net, Nunc.laoreet@Sed.ca, molestie@vitaesemper.ca, semper@nequesed.co.uk, non.ante.bibendum@risusDonecegestas.edu, yossi@gmail.co]"
      }, {
        "name" : "expectedValue",
        "value" : "100"
      } ],
      "stepsCount" : 0,
      "hasContent" : true,
      "attachmentsCount" : 0,
      "shouldDisplayMessage" : true
    } ],
    "attachments" : [ ],
    "parameters" : [ ],
    "stepsCount" : 6,
    "hasContent" : true,
    "attachmentsCount" : 0,
    "shouldDisplayMessage" : false
  },
  "afterStages" : [ {
    "name" : "closeSession",
    "time" : {
      "start" : 1599316802642,
      "stop" : 1599316802646,
      "duration" : 4
    },
    "description" : "",
    "status" : "passed",
    "steps" : [ ],
    "attachments" : [ ],
    "parameters" : [ ],
    "stepsCount" : 0,
    "hasContent" : false,
    "attachmentsCount" : 0,
    "shouldDisplayMessage" : false
  }, {
    "name" : "afterMethod",
    "time" : {
      "start" : 1599316802637,
      "stop" : 1599316802637,
      "duration" : 0
    },
    "description" : "",
    "status" : "passed",
    "steps" : [ ],
    "attachments" : [ ],
    "parameters" : [ ],
    "stepsCount" : 0,
    "hasContent" : false,
    "attachmentsCount" : 0,
    "shouldDisplayMessage" : false
  } ],
  "labels" : [ {
    "name" : "package",
    "value" : "SanityTests.StudentListAPI"
  }, {
    "name" : "testClass",
    "value" : "SanityTests.StudentListAPI"
  }, {
    "name" : "testMethod",
    "value" : "test04_deleteStudentList"
  }, {
    "name" : "parentSuite",
    "value" : "Suite"
  }, {
    "name" : "suite",
    "value" : "api Test"
  }, {
    "name" : "subSuite",
    "value" : "SanityTests.StudentListAPI"
  }, {
    "name" : "host",
    "value" : "DESKTOP-BRDGUEK"
  }, {
    "name" : "thread",
    "value" : "11072@DESKTOP-BRDGUEK.main(1)"
  }, {
    "name" : "framework",
    "value" : "testng"
  }, {
    "name" : "language",
    "value" : "java"
  }, {
    "name" : "resultFormat",
    "value" : "allure2"
  } ],
  "parameters" : [ {
    "name" : "PlatformName",
    "value" : "api"
  } ],
  "links" : [ ],
  "hidden" : true,
  "retry" : true,
  "extra" : {
    "categories" : [ ],
    "tags" : [ ]
  },
  "source" : "4727ac97cee814a9.json",
  "parameterValues" : [ "api" ]
}